<?xml version="1.0" encoding="UTF-8"?>
<testsuite xmlns:xsi="http://www.w3.org/2001/XMLSchema-instance" xsi:noNamespaceSchemaLocation="https://maven.apache.org/surefire/maven-surefire-plugin/xsd/surefire-test-report.xsd" name="org.example.CalcTest" time="0.028" tests="2" errors="0" skipped="0" failures="1">
  <properties>
    <property name="java.specification.version" value="17"/>
    <property name="sun.cpu.isalist" value="amd64"/>
    <property name="sun.jnu.encoding" value="GBK"/>
    <property name="java.class.path" value="G:\tutorial4\target\test-classes;G:\tutorial4\target\classes;G:\maven-repo\org\junit\jupiter\junit-jupiter-engine\5.4.0\junit-jupiter-engine-5.4.0.jar;G:\maven-repo\org\apiguardian\apiguardian-api\1.0.0\apiguardian-api-1.0.0.jar;G:\maven-repo\org\junit\platform\junit-platform-engine\1.4.0\junit-platform-engine-1.4.0.jar;G:\maven-repo\org\opentest4j\opentest4j\1.1.1\opentest4j-1.1.1.jar;G:\maven-repo\org\junit\platform\junit-platform-commons\1.4.0\junit-platform-commons-1.4.0.jar;G:\maven-repo\org\junit\jupiter\junit-jupiter-api\5.4.0\junit-jupiter-api-5.4.0.jar;G:\maven-repo\org\junit\jupiter\junit-jupiter\5.9.1\junit-jupiter-5.9.1.jar;G:\maven-repo\org\junit\jupiter\junit-jupiter-params\5.9.1\junit-jupiter-params-5.9.1.jar;"/>
    <property name="java.vm.vendor" value="Oracle Corporation"/>
    <property name="sun.arch.data.model" value="64"/>
    <property name="user.variant" value=""/>
    <property name="java.vendor.url" value="https://java.oracle.com/"/>
    <property name="user.timezone" value="Asia/Shanghai"/>
    <property name="os.name" value="Windows 10"/>
    <property name="java.vm.specification.version" value="17"/>
    <property name="sun.java.launcher" value="SUN_STANDARD"/>
    <property name="user.country" value="CN"/>
    <property name="sun.boot.library.path" value="G:\New Folder\bin"/>
    <property name="sun.java.command" value="C:\Users\戴尔\AppData\Local\Temp\surefire17156021941103432098\surefirebooter212698738335284064.jar C:\Users\戴尔\AppData\Local\Temp\surefire17156021941103432098 2022-10-06T14-55-48_500-jvmRun1 surefire16780936544476917764tmp surefire_01082329084399109150tmp"/>
    <property name="jdk.debug" value="release"/>
    <property name="surefire.test.class.path" value="G:\tutorial4\target\test-classes;G:\tutorial4\target\classes;G:\maven-repo\org\junit\jupiter\junit-jupiter-engine\5.4.0\junit-jupiter-engine-5.4.0.jar;G:\maven-repo\org\apiguardian\apiguardian-api\1.0.0\apiguardian-api-1.0.0.jar;G:\maven-repo\org\junit\platform\junit-platform-engine\1.4.0\junit-platform-engine-1.4.0.jar;G:\maven-repo\org\opentest4j\opentest4j\1.1.1\opentest4j-1.1.1.jar;G:\maven-repo\org\junit\platform\junit-platform-commons\1.4.0\junit-platform-commons-1.4.0.jar;G:\maven-repo\org\junit\jupiter\junit-jupiter-api\5.4.0\junit-jupiter-api-5.4.0.jar;G:\maven-repo\org\junit\jupiter\junit-jupiter\5.9.1\junit-jupiter-5.9.1.jar;G:\maven-repo\org\junit\jupiter\junit-jupiter-params\5.9.1\junit-jupiter-params-5.9.1.jar;"/>
    <property name="sun.cpu.endian" value="little"/>
    <property name="user.home" value="C:\Users\戴尔"/>
    <property name="user.language" value="zh"/>
    <property name="java.specification.vendor" value="Oracle Corporation"/>
    <property name="java.version.date" value="2022-01-18"/>
    <property name="java.home" value="G:\New Folder"/>
    <property name="file.separator" value="\"/>
    <property name="basedir" value="G:\tutorial4"/>
    <property name="java.vm.compressedOopsMode" value="Zero based"/>
    <property name="line.separator" value="&#10;"/>
    <property name="java.vm.specification.vendor" value="Oracle Corporation"/>
    <property name="java.specification.name" value="Java Platform API Specification"/>
    <property name="surefire.real.class.path" value="C:\Users\戴尔\AppData\Local\Temp\surefire17156021941103432098\surefirebooter212698738335284064.jar"/>
    <property name="user.script" value=""/>
    <property name="sun.management.compiler" value="HotSpot 64-Bit Tiered Compilers"/>
    <property name="java.runtime.version" value="17.0.2+8-LTS-86"/>
    <property name="user.name" value="戴尔"/>
    <property name="path.separator" value=";"/>
    <property name="os.version" value="10.0"/>
    <property name="java.runtime.name" value="Java(TM) SE Runtime Environment"/>
    <property name="file.encoding" value="GBK"/>
    <property name="java.vm.name" value="Java HotSpot(TM) 64-Bit Server VM"/>
    <property name="localRepository" value="G:\maven-repo"/>
    <property name="java.vendor.url.bug" value="https://bugreport.java.com/bugreport/"/>
    <property name="java.io.tmpdir" value="C:\Users\戴尔\AppData\Local\Temp\"/>
    <property name="java.version" value="17.0.2"/>
    <property name="user.dir" value="G:\tutorial4"/>
    <property name="os.arch" value="amd64"/>
    <property name="java.vm.specification.name" value="Java Virtual Machine Specification"/>
    <property name="sun.os.patch.level" value=""/>
    <property name="native.encoding" value="GBK"/>
    <property name="java.library.path" value="G:\New Folder\bin;C:\Windows\Sun\Java\bin;C:\Windows\system32;C:\Windows;C:\Users\戴尔\bin;G:\Git\mingw64\bin;G:\Git\usr\local\bin;G:\Git\usr\bin;G:\Git\usr\bin;G:\Git\mingw64\bin;G:\Git\usr\bin;C:\Users\戴尔\bin;C:\Program Files\Common Files\Oracle\Java\javapath;C:\Windows\system32;C:\Windows;C:\Windows\System32\Wbem;C:\Windows\System32\WindowsPowerShell\v1.0;C:\Windows\System32\OpenSSH;C:\Program Files\NVIDIA Corporation\NVIDIA NvDLISR;C:\Program Files (x86)\NVIDIA Corporation\PhysX\Common;G:\New Folder\bin;C:\Program Files\dotnet;E:\Bandizip;E:\Microsoft VS Code\bin;E:\;G:\maven\apache-maven-3.8.6-bin\bin;G:\Git\cmd;C:\Users\戴尔\AppData\Local\Microsoft\WindowsApps;F:\CLion 2020.2.3\bin;C:\Users\戴尔\AppData\Roaming\npm;G:\Git\usr\bin\vendor_perl;G:\Git\usr\bin\core_perl;."/>
    <property name="java.vm.info" value="mixed mode, sharing"/>
    <property name="java.vendor" value="Oracle Corporation"/>
    <property name="java.vm.version" value="17.0.2+8-LTS-86"/>
    <property name="sun.io.unicode.encoding" value="UnicodeLittle"/>
    <property name="java.class.version" value="61.0"/>
  </properties>
  <testcase name="testsubtract" classname="org.example.CalcTest" time="0.022">
    <failure message="expected: &lt;2&gt; but was: &lt;6&gt;" type="org.opentest4j.AssertionFailedError"><![CDATA[org.opentest4j.AssertionFailedError: expected: <2> but was: <6>
	at org.example.CalcTest.testsubtract(CalcTest.java:16)
]]></failure>
  </testcase>
  <testcase name="testAddition" classname="org.example.CalcTest" time="0"/>
</testsuite>